<?xml version="1.0" encoding="UTF-8"?>
<persistence xmlns="http://java.sun.com/xml/ns/persistence"
             xmlns:xsi="http://www.w3.org/2001/XMLSchema-instance"
             xsi:schemaLocation="http://java.sun.com/xml/ns/persistence http://java.sun.com/xml/ns/persistence/persistence_2_0.xsd"
             version="2.0">

    <persistence-unit name="samplePU" transaction-type="JTA">
        <jta-data-source>jdbc/arquillian</jta-data-source>
        <!-- It seems that we need to explicitly list the entities... -->
        <!-- If not an IllegalArgumentException is thrown saying "Unknown entity". -->
        <class>com.swesource.sample.jee.domain.User</class>
        <exclude-unlisted-classes>false</exclude-unlisted-classes>
        <properties>
            <property name="hibernate.hbm2ddl.auto" value="create-drop" />
            <property name="hibernate.show_sql" value="true"/>
            <property name="hibernate.format_sql" value="true"/>
            <!--
			<property name="jboss.entity.manager.factory.jndi.name" value="java:/sampleEMF"/>
			<property name="hibernate.dialect" value="org.hibernate.dialect.HSQLDialect" />
			-->
        </properties>
    </persistence-unit>
</persistence>